1762528986564	geckodriver	INFO	Listening on 127.0.0.1:59328
1762528989637	mozrunner::runner	INFO	Running command: "C:\\Users\\JoshStevenson\\AppData\\Local\\Mozilla Firefox\\firefox.exe" "--marionette" "-no-remote" "-new-i ... ort" "59329" "--remote-allow-hosts" "localhost" "-profile" "C:\\Users\\JOSHST~1\\AppData\\Local\\Temp\\rust_mozprofileSFGjXp"
console.warn: services.settings: Ignoring preference override of remote settings server
console.warn: services.settings: Allow by setting MOZ_REMOTE_SETTINGS_DEVTOOLS=1 in the environment
Dynamically enable window occlusion 0
1762528991192	Marionette	INFO	Marionette enabled
1762528991545	Marionette	INFO	Listening on port 59336
Read port: 59336
WebDriver BiDi listening on ws://127.0.0.1:59329
1762528991726	RemoteAgent	WARN	TLS certificate errors will be ignored for this session
[GFX1-]: Calling WaitFlushedEvent::Run: is delayed: 2720
1762529014841	Marionette	WARN	Ignoring event 'pageshow' because document has an invalid readyState of 'interactive'.
1762529014864	Marionette	WARN	Ignoring event 'pageshow' because document has an invalid readyState of 'interactive'.
1762529014877	Marionette	WARN	Ignoring event 'pageshow' because document has an invalid readyState of 'interactive'.
1762529014885	Marionette	WARN	Ignoring event 'pageshow' because document has an invalid readyState of 'interactive'.
1762529014900	Marionette	WARN	Ignoring event 'pageshow' because document has an invalid readyState of 'interactive'.
JavaScript warning: https://client.px-cloud.net/PXHYx10rg3/main.min.js, line 2: WEBGL_debug_renderer_info is deprecated in Firefox and will be removed. Please use RENDERER.
1762529033753	Marionette	WARN	Ignoring event 'pageshow' because document has an invalid readyState of 'interactive'.
1762529033758	Marionette	WARN	Ignoring event 'pageshow' because document has an invalid readyState of 'interactive'.
1762529033764	Marionette	WARN	Ignoring event 'pageshow' because document has an invalid readyState of 'interactive'.
1762529033789	Marionette	WARN	Ignoring event 'pageshow' because document has an invalid readyState of 'interactive'.
1762529033801	Marionette	WARN	Ignoring event 'pageshow' because document has an invalid readyState of 'interactive'.
JavaScript warning: https://client.px-cloud.net/PXHYx10rg3/main.min.js, line 2: WEBGL_debug_renderer_info is deprecated in Firefox and will be removed. Please use RENDERER.
1762529047033	Marionette	WARN	Ignoring event 'pageshow' because document has an invalid readyState of 'interactive'.
1762529047046	Marionette	WARN	Ignoring event 'pageshow' because document has an invalid readyState of 'interactive'.
1762529047053	Marionette	WARN	Ignoring event 'pageshow' because document has an invalid readyState of 'interactive'.
1762529047057	Marionette	WARN	Ignoring event 'pageshow' because document has an invalid readyState of 'interactive'.
1762529047061	Marionette	WARN	Ignoring event 'pageshow' because document has an invalid readyState of 'interactive'.
JavaScript warning: https://client.px-cloud.net/PXHYx10rg3/main.min.js, line 2: WEBGL_debug_renderer_info is deprecated in Firefox and will be removed. Please use RENDERER.
JavaScript warning: https://www.zillow.com/HYx10rg3/init.js, line 2: Script terminated by timeout at:
Yn@https://www.zillow.com/HYx10rg3/init.js:2:17961
zf@https://www.zillow.com/HYx10rg3/init.js:2:80534
ym<@https://www.zillow.com/HYx10rg3/init.js:2:161066
By/<@https://www.zillow.com/HYx10rg3/init.js:2:173063
wc@https://www.zillow.com/HYx10rg3/init.js:2:42101
Ac@https://www.zillow.com/HYx10rg3/init.js:2:42136
r@https://www.zillowstatic.com/s3/shopper-platform/_next/static/chunks/pages/_app-1720fa2a2a6e83cc.js:15:2687

1762529125053	Marionette	INFO	Stopped listening on port 59336
Dynamically enable window occlusion 1
console.error: (new TypeError("NetworkError when attempting to fetch resource.", ""))
console.error: (new Error("OHTTP was configured for https://ads.mozilla.org/v1/delete_user but we couldn't fetch a valid config", "moz-src:///browser/modules/ContextId.sys.mjs", 234))
console.error: "Failed to fetch https://spocs.getpocket.com/user:" "NetworkError when attempting to fetch resource."
console.warn: TopSitesFeed: Failed to fetch data from MARS server: NetworkError when attempting to fetch resource.
JavaScript error: resource://gre/modules/ObliviousHTTP.sys.mjs, line 117: NS_ERROR_XPC_CANT_CONVERT_PRIMITIVE_TO_ARRAY: Cannot convert primitive JavaScript value into an array arg 2 [nsIObliviousHttpService.newChannel]
JavaScript error: resource://services-settings/RemoteSettingsClient.sys.mjs, line 85: Error: Unknown callback
