1762538547689	geckodriver	INFO	Listening on 127.0.0.1:57098
1762538553045	mozrunner::runner	INFO	Running command: "C:\\Users\\JoshStevenson\\AppData\\Local\\Mozilla Firefox\\firefox.exe" "--marionette" "-no-remote" "-new-i ... ort" "57099" "--remote-allow-hosts" "localhost" "-profile" "C:\\Users\\JOSHST~1\\AppData\\Local\\Temp\\rust_mozprofileJIIQMU"
console.warn: services.settings: Ignoring preference override of remote settings server
console.warn: services.settings: Allow by setting MOZ_REMOTE_SETTINGS_DEVTOOLS=1 in the environment
Dynamically enable window occlusion 0
1762538554543	Marionette	INFO	Marionette enabled
1762538554869	Marionette	INFO	Listening on port 57110
Read port: 57110
WebDriver BiDi listening on ws://127.0.0.1:57099
1762538555067	RemoteAgent	WARN	TLS certificate errors will be ignored for this session
1762538577249	Marionette	WARN	Ignoring event 'pageshow' because document has an invalid readyState of 'interactive'.
1762538577260	Marionette	WARN	Ignoring event 'pageshow' because document has an invalid readyState of 'interactive'.
1762538577266	Marionette	WARN	Ignoring event 'pageshow' because document has an invalid readyState of 'interactive'.
1762538577274	Marionette	WARN	Ignoring event 'pageshow' because document has an invalid readyState of 'interactive'.
1762538577297	Marionette	WARN	Ignoring event 'pageshow' because document has an invalid readyState of 'interactive'.
JavaScript warning: https://client.px-cloud.net/PXHYx10rg3/main.min.js, line 2: WEBGL_debug_renderer_info is deprecated in Firefox and will be removed. Please use RENDERER.
1762538602380	Marionette	WARN	Ignoring event 'pageshow' because document has an invalid readyState of 'interactive'.
1762538602386	Marionette	WARN	Ignoring event 'pageshow' because document has an invalid readyState of 'interactive'.
1762538602401	Marionette	WARN	Ignoring event 'pageshow' because document has an invalid readyState of 'interactive'.
1762538602410	Marionette	WARN	Ignoring event 'pageshow' because document has an invalid readyState of 'interactive'.
1762538602415	Marionette	WARN	Ignoring event 'pageshow' because document has an invalid readyState of 'interactive'.
JavaScript warning: https://client.px-cloud.net/PXHYx10rg3/main.min.js, line 2: WEBGL_debug_renderer_info is deprecated in Firefox and will be removed. Please use RENDERER.
1762538621178	Marionette	WARN	Ignoring event 'pageshow' because document has an invalid readyState of 'interactive'.
1762538621184	Marionette	WARN	Ignoring event 'pageshow' because document has an invalid readyState of 'interactive'.
1762538621189	Marionette	WARN	Ignoring event 'pageshow' because document has an invalid readyState of 'interactive'.
1762538621205	Marionette	WARN	Ignoring event 'pageshow' because document has an invalid readyState of 'interactive'.
1762538621211	Marionette	WARN	Ignoring event 'pageshow' because document has an invalid readyState of 'interactive'.
JavaScript warning: https://client.px-cloud.net/PXHYx10rg3/main.min.js, line 2: WEBGL_debug_renderer_info is deprecated in Firefox and will be removed. Please use RENDERER.
JavaScript warning: https://client.px-cloud.net/PXHYx10rg3/main.min.js, line 2: Script terminated by timeout at:
cr@https://client.px-cloud.net/PXHYx10rg3/main.min.js:2:19582
ar/<@https://client.px-cloud.net/PXHYx10rg3/main.min.js:2:19277
th@https://client.px-cloud.net/PXHYx10rg3/main.min.js:2:79422
Im<@https://client.px-cloud.net/PXHYx10rg3/main.min.js:2:161265
Fy/<@https://client.px-cloud.net/PXHYx10rg3/main.min.js:2:173739
Ic@https://client.px-cloud.net/PXHYx10rg3/main.min.js:2:41263
xc@https://client.px-cloud.net/PXHYx10rg3/main.min.js:2:42033

1762538648880	Marionette	INFO	Stopped listening on port 57110
Dynamically enable window occlusion 1
console.error: (new TypeError("NetworkError when attempting to fetch resource.", ""))
console.error: (new Error("OHTTP was configured for https://ads.mozilla.org/v1/delete_user but we couldn't fetch a valid config", "moz-src:///browser/modules/ContextId.sys.mjs", 234))
console.error: "Failed to fetch https://spocs.getpocket.com/user:" "NetworkError when attempting to fetch resource."
console.warn: TopSitesFeed: Failed to fetch data from MARS server: NetworkError when attempting to fetch resource.
JavaScript error: resource://gre/modules/ObliviousHTTP.sys.mjs, line 117: NS_ERROR_XPC_CANT_CONVERT_PRIMITIVE_TO_ARRAY: Cannot convert primitive JavaScript value into an array arg 2 [nsIObliviousHttpService.newChannel]
JavaScript error: resource://services-settings/RemoteSettingsClient.sys.mjs, line 85: Error: Unknown callback
