1762533277658	geckodriver	INFO	Listening on 127.0.0.1:63825
1762533280775	mozrunner::runner	INFO	Running command: "C:\\Users\\JoshStevenson\\AppData\\Local\\Mozilla Firefox\\firefox.exe" "--marionette" "-no-remote" "-new-i ... ort" "63826" "--remote-allow-hosts" "localhost" "-profile" "C:\\Users\\JOSHST~1\\AppData\\Local\\Temp\\rust_mozprofile51zafS"
console.warn: services.settings: Ignoring preference override of remote settings server
console.warn: services.settings: Allow by setting MOZ_REMOTE_SETTINGS_DEVTOOLS=1 in the environment
Dynamically enable window occlusion 0
1762533282923	Marionette	INFO	Marionette enabled
1762533283466	Marionette	INFO	Listening on port 63835
WebDriver BiDi listening on ws://127.0.0.1:63826
Read port: 63835
1762533283657	RemoteAgent	WARN	TLS certificate errors will be ignored for this session
[GFX1-]: Calling WaitFlushedEvent::Run: is delayed: 2639
JavaScript warning: https://sc-static.net/scevent.min.js, line 2: Script terminated by timeout at:
m@https://sc-static.net/scevent.min.js:2:2789
c@https://sc-static.net/scevent.min.js:2:6952

1762533349739	Marionette	WARN	Ignoring event 'pageshow' because document has an invalid readyState of 'interactive'.
1762533349766	Marionette	WARN	Ignoring event 'pageshow' because document has an invalid readyState of 'interactive'.
1762533349772	Marionette	WARN	Ignoring event 'pageshow' because document has an invalid readyState of 'interactive'.
1762533349776	Marionette	WARN	Ignoring event 'pageshow' because document has an invalid readyState of 'interactive'.
1762533349781	Marionette	WARN	Ignoring event 'pageshow' because document has an invalid readyState of 'interactive'.
JavaScript warning: https://client.px-cloud.net/PXHYx10rg3/main.min.js, line 2: WEBGL_debug_renderer_info is deprecated in Firefox and will be removed. Please use RENDERER.
1762533363017	Marionette	INFO	Stopped listening on port 63835
Dynamically enable window occlusion 1
console.error: (new TypeError("NetworkError when attempting to fetch resource.", ""))
console.error: (new Error("OHTTP was configured for https://ads.mozilla.org/v1/delete_user but we couldn't fetch a valid config", "moz-src:///browser/modules/ContextId.sys.mjs", 234))
console.error: "Failed to fetch https://spocs.getpocket.com/user:" "NetworkError when attempting to fetch resource."
console.warn: TopSitesFeed: Failed to fetch data from MARS server: NetworkError when attempting to fetch resource.
JavaScript error: resource://gre/modules/ObliviousHTTP.sys.mjs, line 117: NS_ERROR_XPC_CANT_CONVERT_PRIMITIVE_TO_ARRAY: Cannot convert primitive JavaScript value into an array arg 2 [nsIObliviousHttpService.newChannel]
Exiting due to channel error.
Exiting due to channel error.
Exiting due to channel error.
